<?xml version="1.0" encoding="UTF-8"?>
<!-- Generated by org.testng.reporters.JUnitReportReporter -->
<testsuite hostname="LAPTOP-2G3SQ2CA" failures="0" tests="1" name="functionalTestcase.Testscript01_Test" time="2.890" errors="0" timestamp="2024-09-18T21:54:25 IST" skipped="0">
  <testcase classname="functionalTestcase.Testscript01_Test" name="searchFuntionality" time="2.890"/>
</testsuite> <!-- functionalTestcase.Testscript01_Test -->
